1403/9/26 [info] [UserProfile]: User joined room 0
1403/9/26 [info] [UserProfile]: User profile loaded successfully.
1403/9/26 [warn] [UserProfile]: User profile is not complete.
1403/9/26 [error] [UserProfile]: {
  "error": "Failed to load user data",
  "code": 404
}
1403/9/26 [info] [UserProfile]: [
  "User A",
  "User B",
  "User C"
]
1403/9/26 [info] [UserProfile]: server is running:
1403/9/26 [info] [UserProfile]: User profile loaded successfully.
1403/9/26 [warn] [UserProfile]: User profile is not complete.
1403/9/26 [error] [UserProfile]: {
  "error": "Failed to load user data",
  "code": 404
}
1403/9/26 [info] [UserProfile]: [
  "User A",
  "User B",
  "User C"
]
1403/9/26 [info] [UserProfile]: server is running:
1403/9/26 [info] [UserProfile]: User profile loaded successfully.
1403/9/26 [warn] [UserProfile]: User profile is not complete.
1403/9/26 [error] [UserProfile]: {
  "error": "Failed to load user data",
  "code": 404
}
1403/9/26 [info] [UserProfile]: [
  "User A",
  "User B",
  "User C"
]
1403/9/26 [info] [UserProfile]: server is running:
1403/9/26 [info] [UserProfile]: User profile loaded successfully.
1403/9/26 [warn] [UserProfile]: User profile is not complete.
1403/9/26 [error] [UserProfile]: {
  "error": "Failed to load user data",
  "code": 404
}
1403/9/26 [info] [UserProfile]: [
  "User A",
  "User B",
  "User C"
]
1403/9/26 [info] [UserProfile]: server is running:
1403/9/26 [info] [UserProfile]: User profile loaded successfully.
1403/9/26 [warn] [UserProfile]: User profile is not complete.
1403/9/26 [error] [UserProfile]: {
  "error": "Failed to load user data",
  "code": 404
}
1403/9/26 [info] [UserProfile]: [
  "User A",
  "User B",
  "User C"
]
1403/9/26 [info] [UserProfile]: server is running:
1403/9/26 [info] [UserProfile]: User profile loaded successfully.
1403/9/26 [warn] [UserProfile]: User profile is not complete.
1403/9/26 [error] [UserProfile]: {
  "error": "Failed to load user data",
  "code": 404
}
1403/9/26 [info] [UserProfile]: [
  "User A",
  "User B",
  "User C"
]
1403/9/26 [info] [UserProfile]: server is running:
1403/9/26 [info] [UserProfile]: {
  "userId": "39"
}
1403/9/26 [info] [UserProfile]: User profile loaded successfully.
1403/9/26 [warn] [UserProfile]: User profile is not complete.
1403/9/26 [error] [UserProfile]: {
  "error": "Failed to load user data",
  "code": 404
}
1403/9/26 [info] [UserProfile]: [
  "User A",
  "User B",
  "User C"
]
1403/9/26 [info] [UserProfile]: server is running:
1403/9/26 [error] [UserProfile]: Query Failed: Error: Invalid column name 'NaN'.
1403/9/26 [error] [UserProfile]: Query:  
SELECT * FROM [pepDB].[dbo].[group_mentions]
where mentionMmr = NaN
1403/9/26 [error] [UserProfile]: Caaaaaaaatch Errrror . . .
1403/9/26 [error] [UserProfile]: Unexpected error occurred: Error: Invalid column name 'NaN'.
1403/9/26 [error] [UserProfile]: Query Failed: Error: Invalid column name 'NaN'.
1403/9/26 [error] [UserProfile]: Query:  
SELECT * FROM [pepDB].[dbo].[group_mentions]
where mentionMmr = NaN
1403/9/26 [error] [UserProfile]: Caaaaaaaatch Errrror . . .
1403/9/26 [error] [UserProfile]: Unexpected error occurred: Error: Invalid column name 'NaN'.
1403/9/26 [info] [UserProfile]: User joined room 0
1403/9/26 [info] [UserProfile]: User joined room 0
1403/9/26 [info] [UserProfile]: User joined room 0
1403/9/26 [info] [UserProfile]: User joined room 0
1403/9/26 [info] [UserProfile]: User joined room 0
1403/9/26 [info] [UserProfile]: {
  "title": "a",
  "recieverId": [
    39
  ],
  "username": "11099",
  "time": "13:53:55",
  "userId": "39",
  "roomId": 0
}
1403/9/26 [info] [UserProfile]: User joined room 0
1403/9/26 [info] [UserProfile]: User joined room 0
1403/9/26 [info] [UserProfile]: {
  "userId": "39"
}
1403/9/26 [info] [UserProfile]: formformform
1403/9/26 [info] [UserProfile]: User profile loaded successfully.
1403/9/26 [warn] [UserProfile]: User profile is not complete.
1403/9/26 [error] [UserProfile]: {
  "error": "Failed to load user data",
  "code": 404
}
1403/9/26 [info] [UserProfile]: [
  "User A",
  "User B",
  "User C"
]
1403/9/26 [info] [UserProfile]: server is running:
1403/9/26 [info] [UserProfile]: User joined room 0
1403/9/26 [info] [UserProfile]: User joined room 0
1403/9/26 [info] [UserProfile]: User joined room 0
1403/9/26 [info] [UserProfile]: attach_file
1403/9/26 [info] [UserProfile]: User joined room 0
1403/9/26 [info] [UserProfile]: User joined room 0
1403/9/26 [info] [UserProfile]: User joined room 0
1403/9/26 [info] [UserProfile]: formformform
1403/9/26 [info] [UserProfile]: User profile loaded successfully.
1403/9/26 [warn] [UserProfile]: User profile is not complete.
1403/9/26 [error] [UserProfile]: {
  "error": "Failed to load user data",
  "code": 404
}
1403/9/26 [info] [UserProfile]: [
  "User A",
  "User B",
  "User C"
]
1403/9/26 [info] [UserProfile]: server is running:
1403/9/26 [info] [UserProfile]: attach_file
1403/9/26 [info] [UserProfile]: formformform
1403/9/26 [info] [UserProfile]: User profile loaded successfully.
1403/9/26 [warn] [UserProfile]: User profile is not complete.
1403/9/26 [error] [UserProfile]: {
  "error": "Failed to load user data",
  "code": 404
}
1403/9/26 [info] [UserProfile]: [
  "User A",
  "User B",
  "User C"
]
1403/9/26 [info] [UserProfile]: server is running:
1403/9/26 [info] [UserProfile]: attach_file
1403/9/26 [info] [UserProfile]: formformform
1403/9/26 [info] [UserProfile]: User profile loaded successfully.
1403/9/26 [warn] [UserProfile]: User profile is not complete.
1403/9/26 [error] [UserProfile]: {
  "error": "Failed to load user data",
  "code": 404
}
1403/9/26 [info] [UserProfile]: [
  "User A",
  "User B",
  "User C"
]
1403/9/26 [info] [UserProfile]: server is running:
1403/9/26 [info] [UserProfile]: User joined room 0
1403/9/26 [info] [UserProfile]: User joined room 0
1403/9/26 [info] [UserProfile]: attach_file
1403/9/26 [info] [UserProfile]: formformform
1403/9/26 [info] [UserProfile]: User joined room 0
1403/9/26 [info] [UserProfile]: User joined room 0
1403/9/26 [info] [UserProfile]: User joined room 0
1403/9/26 [info] [UserProfile]: User joined room 0
1403/9/26 [info] [UserProfile]: User joined room 0
1403/9/26 [info] [UserProfile]: User joined room 5
1403/9/26 [info] [UserProfile]: User joined room 5
1403/9/26 [info] [UserProfile]: User joined room 61
1403/9/26 [info] [UserProfile]: User joined room 61
1403/9/26 [info] [UserProfile]: User joined room 60
1403/9/26 [info] [UserProfile]: User joined room 60
1403/9/26 [info] [UserProfile]: User joined room 59
1403/9/26 [info] [UserProfile]: User joined room 59
1403/9/26 [info] [UserProfile]: User joined room 0
1403/9/26 [info] [UserProfile]: User joined room 0
1403/9/26 [info] [UserProfile]: User joined room 0
1403/9/26 [info] [UserProfile]: User joined room 0
1403/9/26 [info] [UserProfile]: User joined room 0
1403/9/26 [error] [UserProfile]: Query Failed: Error: Invalid column name 'NaN'.
1403/9/26 [error] [UserProfile]: Query:  
SELECT * FROM [pepDB].[dbo].[group_mentions]
where mentionMmr = NaN
1403/9/26 [error] [UserProfile]: Caaaaaaaatch Errrror . . .
1403/9/26 [error] [UserProfile]: Unexpected error occurred: Error: Invalid column name 'NaN'.
1403/9/26 [error] [UserProfile]: Query Failed: Error: Invalid column name 'NaN'.
1403/9/26 [error] [UserProfile]: Query:  
SELECT * FROM [pepDB].[dbo].[group_mentions]
where mentionMmr = NaN
1403/9/26 [error] [UserProfile]: Caaaaaaaatch Errrror . . .
1403/9/26 [error] [UserProfile]: Unexpected error occurred: Error: Invalid column name 'NaN'.
1403/9/26 [info] [UserProfile]: User joined room 0
1403/9/26 [info] [UserProfile]: User joined room 24
1403/9/26 [info] [UserProfile]: User joined room 24
1403/9/26 [info] [UserProfile]: User joined room 23
1403/9/26 [info] [UserProfile]: User joined room 23
1403/9/26 [info] [UserProfile]: User joined room 19
1403/9/26 [info] [UserProfile]: User joined room 19
1403/9/26 [info] [UserProfile]: User joined room 18
1403/9/26 [info] [UserProfile]: User joined room 18
1403/9/26 [info] [UserProfile]: User joined room 8
1403/9/26 [info] [UserProfile]: User joined room 8
1403/9/26 [info] [UserProfile]: User joined room 18
1403/9/26 [info] [UserProfile]: User joined room 18
1403/9/26 [info] [UserProfile]: User joined room 23
1403/9/26 [info] [UserProfile]: User joined room 23
1403/9/26 [info] [UserProfile]: User joined room 19
1403/9/26 [info] [UserProfile]: User joined room 19
1403/9/26 [info] [UserProfile]: User joined room 24
1403/9/26 [info] [UserProfile]: User joined room 24
1403/9/26 [info] [UserProfile]: User joined room 8
1403/9/26 [info] [UserProfile]: User joined room 8
1403/9/26 [info] [UserProfile]: User joined room 0
1403/9/26 [info] [UserProfile]: User joined room 0
1403/9/26 [error] [UserProfile]: Query Failed: Error: Invalid column name 'NaN'.
1403/9/26 [error] [UserProfile]: Query:  
SELECT * FROM [pepDB].[dbo].[group_mentions]
where mentionMmr = NaN
1403/9/26 [error] [UserProfile]: Caaaaaaaatch Errrror . . .
1403/9/26 [error] [UserProfile]: Unexpected error occurred: Error: Invalid column name 'NaN'.
1403/9/26 [error] [UserProfile]: Query Failed: Error: Invalid column name 'NaN'.
1403/9/26 [error] [UserProfile]: Query:  
SELECT * FROM [pepDB].[dbo].[group_mentions]
where mentionMmr = NaN
1403/9/26 [error] [UserProfile]: Caaaaaaaatch Errrror . . .
1403/9/26 [error] [UserProfile]: Unexpected error occurred: Error: Invalid column name 'NaN'.
1403/9/26 [error] [UserProfile]: Query Failed: Error: Invalid column name 'NaN'.
1403/9/26 [error] [UserProfile]: Query:  
SELECT * FROM [pepDB].[dbo].[group_mentions]
where mentionMmr = NaN
1403/9/26 [error] [UserProfile]: Caaaaaaaatch Errrror . . .
1403/9/26 [error] [UserProfile]: Unexpected error occurred: Error: Invalid column name 'NaN'.
1403/9/26 [error] [UserProfile]: Query Failed: Error: Invalid column name 'NaN'.
1403/9/26 [error] [UserProfile]: Query:  
SELECT * FROM [pepDB].[dbo].[group_mentions]
where mentionMmr = NaN
1403/9/26 [error] [UserProfile]: Caaaaaaaatch Errrror . . .
1403/9/26 [error] [UserProfile]: Unexpected error occurred: Error: Invalid column name 'NaN'.
1403/9/26 [info] [UserProfile]: User joined room 0
1403/9/26 [info] [UserProfile]: User joined room 0
1403/9/26 [info] [UserProfile]: User joined room 0
1403/9/26 [info] [UserProfile]: User joined room 0
1403/9/26 [info] [UserProfile]: {
  "title": "ddda",
  "recieverId": [
    39
  ],
  "username": "ghanavatian.ro",
  "time": "16:33:28",
  "userId": "6379",
  "roomId": 0
}
1403/9/26 [info] [UserProfile]: User joined room 0
1403/9/26 [info] [UserProfile]: {
  "title": "ag",
  "recieverId": [
    39
  ],
  "username": "ghanavatian.ro",
  "time": "16:33:30",
  "userId": "6379",
  "roomId": 0
}
1403/9/26 [info] [UserProfile]: User joined room 0
1403/9/26 [info] [UserProfile]: {
  "title": "ghanavati",
  "recieverId": [
    39
  ],
  "username": "ghanavatian.ro",
  "time": "16:33:33",
  "userId": "6379",
  "roomId": 0
}
1403/9/26 [info] [UserProfile]: User joined room 0
1403/9/26 [error] [UserProfile]: Query Failed: Error: Invalid column name 'NaN'.
1403/9/26 [error] [UserProfile]: Query:  
SELECT * FROM [pepDB].[dbo].[group_mentions]
where mentionMmr = NaN
1403/9/26 [error] [UserProfile]: Caaaaaaaatch Errrror . . .
1403/9/26 [error] [UserProfile]: Unexpected error occurred: Error: Invalid column name 'NaN'.
1403/9/26 [error] [UserProfile]: Query Failed: Error: Invalid column name 'NaN'.
1403/9/26 [error] [UserProfile]: Query:  
SELECT * FROM [pepDB].[dbo].[group_mentions]
where mentionMmr = NaN
1403/9/26 [error] [UserProfile]: Caaaaaaaatch Errrror . . .
1403/9/26 [error] [UserProfile]: Unexpected error occurred: Error: Invalid column name 'NaN'.
1403/9/26 [error] [UserProfile]: Query Failed: Error: Invalid column name 'NaN'.
1403/9/26 [error] [UserProfile]: Query:  
SELECT * FROM [pepDB].[dbo].[group_mentions]
where mentionMmr = NaN
1403/9/26 [error] [UserProfile]: Caaaaaaaatch Errrror . . .
1403/9/26 [error] [UserProfile]: Unexpected error occurred: Error: Invalid column name 'NaN'.
1403/9/26 [error] [UserProfile]: Query Failed: Error: Invalid column name 'NaN'.
1403/9/26 [error] [UserProfile]: Query:  
SELECT * FROM [pepDB].[dbo].[group_mentions]
where mentionMmr = NaN
1403/9/26 [error] [UserProfile]: Caaaaaaaatch Errrror . . .
1403/9/26 [error] [UserProfile]: Unexpected error occurred: Error: Invalid column name 'NaN'.
1403/9/26 [info] [UserProfile]: User joined room 0
1403/9/26 [info] [UserProfile]: User joined room 0
1403/9/26 [info] [UserProfile]: User joined room 0
1403/9/26 [info] [UserProfile]: User joined room 0
1403/9/26 [info] [UserProfile]: User joined room 0
1403/9/26 [info] [UserProfile]: User joined room 0
1403/9/26 [info] [UserProfile]: User joined room 0
1403/9/26 [info] [UserProfile]: User joined room 0
1403/9/26 [info] [UserProfile]: User joined room 0
1403/9/26 [info] [UserProfile]: formformform
1403/9/26 [info] [UserProfile]: User joined room 0
1403/9/26 [info] [UserProfile]: User joined room 0
1403/9/26 [info] [UserProfile]: User joined room 0
1403/9/26 [info] [UserProfile]: formformform
1403/9/26 [info] [UserProfile]: User joined room 0
1403/9/26 [info] [UserProfile]: formformform
1403/9/26 [info] [UserProfile]: User joined room 0
1403/9/26 [info] [UserProfile]: User joined room 0
1403/9/26 [info] [UserProfile]: User joined room 0
1403/9/26 [info] [UserProfile]: User joined room 0
1403/9/26 [info] [UserProfile]: formformform
1403/9/26 [info] [UserProfile]: User joined room 0
1403/9/26 [info] [UserProfile]: User joined room 0
1403/9/26 [info] [UserProfile]: formformform
1403/9/26 [info] [UserProfile]: User joined room 0
1403/9/26 [info] [UserProfile]: User joined room 0
1403/9/26 [info] [UserProfile]: User profile loaded successfully.
1403/9/26 [warn] [UserProfile]: User profile is not complete.
1403/9/26 [error] [UserProfile]: {
  "error": "Failed to load user data",
  "code": 404
}
1403/9/26 [info] [UserProfile]: [
  "User A",
  "User B",
  "User C"
]
1403/9/26 [info] [UserProfile]: server is running:
1403/9/26 [info] [UserProfile]: formformform
1403/9/26 [info] [UserProfile]: User joined room 0
1403/9/26 [info] [UserProfile]: User joined room 0
1403/9/26 [info] [UserProfile]: formformform
1403/9/26 [info] [UserProfile]: User joined room 0
1403/9/26 [info] [UserProfile]: formformform
1403/9/26 [info] [UserProfile]: formformform
1403/9/26 [error] [UserProfile]: Query Failed: Error: Invalid column name 'NaN'.
1403/9/26 [error] [UserProfile]: Query:  
SELECT * FROM [pepDB].[dbo].[group_mentions]
where mentionMmr = NaN
1403/9/26 [error] [UserProfile]: Caaaaaaaatch Errrror . . .
1403/9/26 [error] [UserProfile]: Unexpected error occurred: Error: Invalid column name 'NaN'.
1403/9/26 [error] [UserProfile]: Query Failed: Error: Invalid column name 'NaN'.
1403/9/26 [error] [UserProfile]: Query:  
SELECT * FROM [pepDB].[dbo].[group_mentions]
where mentionMmr = NaN
1403/9/26 [error] [UserProfile]: Caaaaaaaatch Errrror . . .
1403/9/26 [error] [UserProfile]: Unexpected error occurred: Error: Invalid column name 'NaN'.
1403/9/26 [error] [UserProfile]: Query Failed: Error: Invalid column name 'NaN'.
1403/9/26 [error] [UserProfile]: Query:  
SELECT * FROM [pepDB].[dbo].[group_mentions]
where mentionMmr = NaN
1403/9/26 [error] [UserProfile]: Caaaaaaaatch Errrror . . .
1403/9/26 [error] [UserProfile]: Unexpected error occurred: Error: Invalid column name 'NaN'.
1403/9/26 [error] [UserProfile]: Query Failed: Error: Invalid column name 'NaN'.
1403/9/26 [error] [UserProfile]: Query:  
SELECT * FROM [pepDB].[dbo].[group_mentions]
where mentionMmr = NaN
1403/9/26 [error] [UserProfile]: Caaaaaaaatch Errrror . . .
1403/9/26 [error] [UserProfile]: Unexpected error occurred: Error: Invalid column name 'NaN'.
1403/9/26 [error] [UserProfile]: Query Failed: Error: Invalid column name 'NaN'.
1403/9/26 [error] [UserProfile]: Query:  
SELECT * FROM [pepDB].[dbo].[group_mentions]
where mentionMmr = NaN
1403/9/26 [error] [UserProfile]: Caaaaaaaatch Errrror . . .
1403/9/26 [error] [UserProfile]: Unexpected error occurred: Error: Invalid column name 'NaN'.
1403/9/26 [error] [UserProfile]: Query Failed: Error: Invalid column name 'NaN'.
1403/9/26 [error] [UserProfile]: Query:  
SELECT * FROM [pepDB].[dbo].[group_mentions]
where mentionMmr = NaN
1403/9/26 [error] [UserProfile]: Caaaaaaaatch Errrror . . .
1403/9/26 [error] [UserProfile]: Unexpected error occurred: Error: Invalid column name 'NaN'.
1403/9/26 [info] [UserProfile]: User joined room 0
1403/9/26 [info] [UserProfile]: User joined room 0
1403/9/26 [info] [UserProfile]: User joined room 0
1403/9/26 [info] [UserProfile]: formformform
1403/9/26 [info] [UserProfile]: User joined room 0
1403/9/26 [info] [UserProfile]: User joined room 0
1403/9/26 [info] [UserProfile]: User joined room 0
1403/9/26 [info] [UserProfile]: User joined room 0
1403/9/26 [info] [UserProfile]: User joined room 0
1403/9/26 [info] [UserProfile]: User joined room 0
1403/9/26 [info] [UserProfile]: User joined room 0
1403/9/26 [info] [UserProfile]: User joined room 0
1403/9/26 [info] [UserProfile]: User joined room 0
1403/9/26 [info] [UserProfile]: formformform
1403/9/26 [info] [UserProfile]: User profile loaded successfully.
1403/9/26 [warn] [UserProfile]: User profile is not complete.
1403/9/26 [error] [UserProfile]: {
  "error": "Failed to load user data",
  "code": 404
}
1403/9/26 [info] [UserProfile]: [
  "User A",
  "User B",
  "User C"
]
1403/9/26 [info] [UserProfile]: server is running:
1403/9/26 [info] [UserProfile]: User joined room 0
1403/9/26 [info] [UserProfile]: User joined room 0
1403/9/26 [info] [UserProfile]: User joined room 0
1403/9/26 [info] [UserProfile]: User joined room 0
1403/9/26 [info] [UserProfile]: User joined room 0
1403/9/26 [info] [UserProfile]: User joined room 0
1403/9/26 [info] [UserProfile]: User joined room 0
1403/9/26 [error] [UserProfile]: Query Failed: Error: Invalid column name 'NaN'.
1403/9/26 [error] [UserProfile]: Query:  
SELECT * FROM [pepDB].[dbo].[group_mentions]
where mentionMmr = NaN
1403/9/26 [error] [UserProfile]: Caaaaaaaatch Errrror . . .
1403/9/26 [error] [UserProfile]: Unexpected error occurred: Error: Invalid column name 'NaN'.
1403/9/26 [error] [UserProfile]: Query Failed: Error: Invalid column name 'NaN'.
1403/9/26 [error] [UserProfile]: Query:  
SELECT * FROM [pepDB].[dbo].[group_mentions]
where mentionMmr = NaN
1403/9/26 [error] [UserProfile]: Caaaaaaaatch Errrror . . .
1403/9/26 [error] [UserProfile]: Unexpected error occurred: Error: Invalid column name 'NaN'.
1403/9/26 [info] [UserProfile]: User joined room 0
1403/9/26 [info] [UserProfile]: User joined room 0
1403/9/26 [info] [UserProfile]: User joined room 0
1403/9/26 [info] [UserProfile]: User joined room 0
1403/9/26 [info] [UserProfile]: User joined room 0
1403/9/26 [info] [UserProfile]: User joined room 0
1403/9/26 [info] [UserProfile]: User joined room 0
1403/9/26 [info] [UserProfile]: User joined room 0
1403/9/26 [info] [UserProfile]: User joined room 0
1403/9/26 [info] [UserProfile]: User joined room 0
1403/9/26 [info] [UserProfile]: User joined room 0
1403/9/26 [info] [UserProfile]: User joined room 0
1403/9/26 [info] [UserProfile]: User joined room 0
1403/9/26 [info] [UserProfile]: User joined room 0
1403/9/26 [info] [UserProfile]: User joined room 0
1403/9/26 [error] [UserProfile]: Query Failed: Error: Invalid column name 'NaN'.
1403/9/26 [error] [UserProfile]: Query:  
SELECT * FROM [pepDB].[dbo].[group_mentions]
where mentionMmr = NaN
1403/9/26 [error] [UserProfile]: Caaaaaaaatch Errrror . . .
1403/9/26 [error] [UserProfile]: Unexpected error occurred: Error: Invalid column name 'NaN'.
1403/9/26 [error] [UserProfile]: Query Failed: Error: Invalid column name 'NaN'.
1403/9/26 [error] [UserProfile]: Query:  
SELECT * FROM [pepDB].[dbo].[group_mentions]
where mentionMmr = NaN
1403/9/26 [error] [UserProfile]: Caaaaaaaatch Errrror . . .
1403/9/26 [error] [UserProfile]: Unexpected error occurred: Error: Invalid column name 'NaN'.
1403/9/26 [error] [UserProfile]: Query Failed: Error: Invalid column name 'NaN'.
1403/9/26 [error] [UserProfile]: Query:  
SELECT * FROM [pepDB].[dbo].[group_mentions]
where mentionMmr = NaN
1403/9/26 [error] [UserProfile]: Caaaaaaaatch Errrror . . .
1403/9/26 [error] [UserProfile]: Unexpected error occurred: Error: Invalid column name 'NaN'.
1403/9/26 [error] [UserProfile]: Query Failed: Error: Invalid column name 'NaN'.
1403/9/26 [error] [UserProfile]: Query:  
SELECT * FROM [pepDB].[dbo].[group_mentions]
where mentionMmr = NaN
1403/9/26 [error] [UserProfile]: Caaaaaaaatch Errrror . . .
1403/9/26 [error] [UserProfile]: Unexpected error occurred: Error: Invalid column name 'NaN'.
1403/9/26 [info] [UserProfile]: User joined room 0
1403/9/26 [info] [UserProfile]: User joined room 0
1403/9/26 [info] [UserProfile]: User joined room 0
1403/9/26 [info] [UserProfile]: User joined room 0
1403/9/26 [info] [UserProfile]: User joined room 0
1403/9/26 [info] [UserProfile]: User joined room 0
1403/9/26 [info] [UserProfile]: User joined room 0
1403/9/26 [info] [UserProfile]: User joined room 0
1403/9/26 [info] [UserProfile]: User joined room 0
1403/9/26 [info] [UserProfile]: User joined room 0
1403/9/26 [info] [UserProfile]: User joined room 0
1403/9/26 [info] [UserProfile]: User joined room 0
1403/9/26 [info] [UserProfile]: User joined room 0
1403/9/26 [info] [UserProfile]: User joined room 0
1403/9/26 [info] [UserProfile]: User joined room 0
1403/9/26 [info] [UserProfile]: User profile loaded successfully.
1403/9/26 [warn] [UserProfile]: User profile is not complete.
1403/9/26 [error] [UserProfile]: {
  "error": "Failed to load user data",
  "code": 404
}
1403/9/26 [info] [UserProfile]: [
  "User A",
  "User B",
  "User C"
]
1403/9/26 [info] [UserProfile]: server is running:
1403/9/26 [info] [UserProfile]: User profile loaded successfully.
1403/9/26 [warn] [UserProfile]: User profile is not complete.
1403/9/26 [error] [UserProfile]: {
  "error": "Failed to load user data",
  "code": 404
}
1403/9/26 [info] [UserProfile]: [
  "User A",
  "User B",
  "User C"
]
1403/9/26 [info] [UserProfile]: server is running:
1403/9/26 [info] [UserProfile]: User profile loaded successfully.
1403/9/26 [warn] [UserProfile]: User profile is not complete.
1403/9/26 [error] [UserProfile]: {
  "error": "Failed to load user data",
  "code": 404
}
1403/9/26 [info] [UserProfile]: [
  "User A",
  "User B",
  "User C"
]
1403/9/26 [info] [UserProfile]: server is running:
