1403/10/12 ۱۰:۰۹:۳۵ [[31MERROR[39M] [undefined]: [31mQuery Failed: Error: Invalid column name 'NaN'.[39m 
1403/10/12 ۱۰:۰۹:۳۵ [[31MERROR[39M] [undefined]: [31mQuery:  [39m
[31mSELECT * FROM [pepDB].[dbo].[group_mentions][39m
[31mwhere mentionMmr = NaN[39m 
1403/10/12 ۱۰:۰۹:۳۵ [[31MERROR[39M] [undefined]: [31mCaaaaaaaatch Errrror . . .[39m {"error":{"query":" \nSELECT * FROM [pepDB].[dbo].[group_mentions]\nwhere mentionMmr = NaN","driverError":{"code":"EREQUEST","originalError":{"info":{"name":"ERROR","handlerName":"onErrorMessage","number":207,"state":1,"class":16,"message":"Invalid column name 'NaN'.","serverName":"COAPPWEB","procName":"","lineNumber":3}},"name":"RequestError","number":207,"lineNumber":3,"state":1,"class":16,"serverName":"COAPPWEB","procName":"","precedingErrors":[]},"code":"EREQUEST","originalError":{"info":{"name":"ERROR","handlerName":"onErrorMessage","number":207,"state":1,"class":16,"message":"Invalid column name 'NaN'.","serverName":"COAPPWEB","procName":"","lineNumber":3}},"number":207,"lineNumber":3,"state":1,"class":16,"serverName":"COAPPWEB","procName":"","precedingErrors":[]}}
1403/10/12 ۱۰:۰۹:۳۵ [[31MERROR[39M] [undefined]: [31mUnexpected error occurred: Error: Invalid column name 'NaN'.[39m 
1403/10/12 ۱۰:۰۹:۳۵ [[31MERROR[39M] [undefined]: [31mQuery Failed: Error: Invalid column name 'NaN'.[39m 
1403/10/12 ۱۰:۰۹:۳۵ [[31MERROR[39M] [undefined]: [31mQuery:  [39m
[31mSELECT * FROM [pepDB].[dbo].[group_mentions][39m
[31mwhere mentionMmr = NaN[39m 
1403/10/12 ۱۰:۰۹:۳۵ [[31MERROR[39M] [undefined]: [31mCaaaaaaaatch Errrror . . .[39m {"error":{"query":" \nSELECT * FROM [pepDB].[dbo].[group_mentions]\nwhere mentionMmr = NaN","driverError":{"code":"EREQUEST","originalError":{"info":{"name":"ERROR","handlerName":"onErrorMessage","number":207,"state":1,"class":16,"message":"Invalid column name 'NaN'.","serverName":"COAPPWEB","procName":"","lineNumber":3}},"name":"RequestError","number":207,"lineNumber":3,"state":1,"class":16,"serverName":"COAPPWEB","procName":"","precedingErrors":[]},"code":"EREQUEST","originalError":{"info":{"name":"ERROR","handlerName":"onErrorMessage","number":207,"state":1,"class":16,"message":"Invalid column name 'NaN'.","serverName":"COAPPWEB","procName":"","lineNumber":3}},"number":207,"lineNumber":3,"state":1,"class":16,"serverName":"COAPPWEB","procName":"","precedingErrors":[]}}
1403/10/12 ۱۰:۰۹:۳۵ [[31MERROR[39M] [undefined]: [31mUnexpected error occurred: Error: Invalid column name 'NaN'.[39m 
1403/10/12 ۱۰:۱۲:۰۵ [[31MERROR[39M] [undefined]: [31mQuery Failed: Error: Invalid column name 'NaN'.[39m 
1403/10/12 ۱۰:۱۲:۰۵ [[31MERROR[39M] [undefined]: [31mQuery:  [39m
[31mSELECT * FROM [pepDB].[dbo].[group_mentions][39m
[31mwhere mentionMmr = NaN[39m 
1403/10/12 ۱۰:۱۲:۰۵ [[31MERROR[39M] [undefined]: [31mCaaaaaaaatch Errrror . . .[39m {"error":{"query":" \nSELECT * FROM [pepDB].[dbo].[group_mentions]\nwhere mentionMmr = NaN","driverError":{"code":"EREQUEST","originalError":{"info":{"name":"ERROR","handlerName":"onErrorMessage","number":207,"state":1,"class":16,"message":"Invalid column name 'NaN'.","serverName":"COAPPWEB","procName":"","lineNumber":3}},"name":"RequestError","number":207,"lineNumber":3,"state":1,"class":16,"serverName":"COAPPWEB","procName":"","precedingErrors":[]},"code":"EREQUEST","originalError":{"info":{"name":"ERROR","handlerName":"onErrorMessage","number":207,"state":1,"class":16,"message":"Invalid column name 'NaN'.","serverName":"COAPPWEB","procName":"","lineNumber":3}},"number":207,"lineNumber":3,"state":1,"class":16,"serverName":"COAPPWEB","procName":"","precedingErrors":[]}}
1403/10/12 ۱۰:۱۲:۰۵ [[31MERROR[39M] [undefined]: [31mUnexpected error occurred: Error: Invalid column name 'NaN'.[39m 
1403/10/12 ۱۰:۱۲:۰۶ [[31MERROR[39M] [undefined]: [31mQuery Failed: Error: Invalid column name 'NaN'.[39m 
1403/10/12 ۱۰:۱۲:۰۶ [[31MERROR[39M] [undefined]: [31mQuery:  [39m
[31mSELECT * FROM [pepDB].[dbo].[group_mentions][39m
[31mwhere mentionMmr = NaN[39m 
1403/10/12 ۱۰:۱۲:۰۶ [[31MERROR[39M] [undefined]: [31mCaaaaaaaatch Errrror . . .[39m {"error":{"query":" \nSELECT * FROM [pepDB].[dbo].[group_mentions]\nwhere mentionMmr = NaN","driverError":{"code":"EREQUEST","originalError":{"info":{"name":"ERROR","handlerName":"onErrorMessage","number":207,"state":1,"class":16,"message":"Invalid column name 'NaN'.","serverName":"COAPPWEB","procName":"","lineNumber":3}},"name":"RequestError","number":207,"lineNumber":3,"state":1,"class":16,"serverName":"COAPPWEB","procName":"","precedingErrors":[]},"code":"EREQUEST","originalError":{"info":{"name":"ERROR","handlerName":"onErrorMessage","number":207,"state":1,"class":16,"message":"Invalid column name 'NaN'.","serverName":"COAPPWEB","procName":"","lineNumber":3}},"number":207,"lineNumber":3,"state":1,"class":16,"serverName":"COAPPWEB","procName":"","precedingErrors":[]}}
1403/10/12 ۱۰:۱۲:۰۶ [[31MERROR[39M] [undefined]: [31mUnexpected error occurred: Error: Invalid column name 'NaN'.[39m 
1403/10/12 ۱۰:۱۲:۰۸ [[31MERROR[39M] [undefined]: [31mQuery Failed: Error: Invalid column name 'NaN'.[39m 
1403/10/12 ۱۰:۱۲:۰۸ [[31MERROR[39M] [undefined]: [31mQuery:  [39m
[31mSELECT * FROM [pepDB].[dbo].[group_mentions][39m
[31mwhere mentionMmr = NaN[39m 
1403/10/12 ۱۰:۱۲:۰۸ [[31MERROR[39M] [undefined]: [31mCaaaaaaaatch Errrror . . .[39m {"error":{"query":" \nSELECT * FROM [pepDB].[dbo].[group_mentions]\nwhere mentionMmr = NaN","driverError":{"code":"EREQUEST","originalError":{"info":{"name":"ERROR","handlerName":"onErrorMessage","number":207,"state":1,"class":16,"message":"Invalid column name 'NaN'.","serverName":"COAPPWEB","procName":"","lineNumber":3}},"name":"RequestError","number":207,"lineNumber":3,"state":1,"class":16,"serverName":"COAPPWEB","procName":"","precedingErrors":[]},"code":"EREQUEST","originalError":{"info":{"name":"ERROR","handlerName":"onErrorMessage","number":207,"state":1,"class":16,"message":"Invalid column name 'NaN'.","serverName":"COAPPWEB","procName":"","lineNumber":3}},"number":207,"lineNumber":3,"state":1,"class":16,"serverName":"COAPPWEB","procName":"","precedingErrors":[]}}
1403/10/12 ۱۰:۱۲:۰۸ [[31MERROR[39M] [undefined]: [31mUnexpected error occurred: Error: Invalid column name 'NaN'.[39m 
1403/10/12 ۱۰:۱۲:۰۸ [[31MERROR[39M] [undefined]: [31mQuery Failed: Error: Invalid column name 'NaN'.[39m 
1403/10/12 ۱۰:۱۲:۰۸ [[31MERROR[39M] [undefined]: [31mQuery:  [39m
[31mSELECT * FROM [pepDB].[dbo].[group_mentions][39m
[31mwhere mentionMmr = NaN[39m 
1403/10/12 ۱۰:۱۲:۰۸ [[31MERROR[39M] [undefined]: [31mCaaaaaaaatch Errrror . . .[39m {"error":{"query":" \nSELECT * FROM [pepDB].[dbo].[group_mentions]\nwhere mentionMmr = NaN","driverError":{"code":"EREQUEST","originalError":{"info":{"name":"ERROR","handlerName":"onErrorMessage","number":207,"state":1,"class":16,"message":"Invalid column name 'NaN'.","serverName":"COAPPWEB","procName":"","lineNumber":3}},"name":"RequestError","number":207,"lineNumber":3,"state":1,"class":16,"serverName":"COAPPWEB","procName":"","precedingErrors":[]},"code":"EREQUEST","originalError":{"info":{"name":"ERROR","handlerName":"onErrorMessage","number":207,"state":1,"class":16,"message":"Invalid column name 'NaN'.","serverName":"COAPPWEB","procName":"","lineNumber":3}},"number":207,"lineNumber":3,"state":1,"class":16,"serverName":"COAPPWEB","procName":"","precedingErrors":[]}}
1403/10/12 ۱۰:۱۲:۰۸ [[31MERROR[39M] [undefined]: [31mUnexpected error occurred: Error: Invalid column name 'NaN'.[39m 
1403/10/12 ۱۰:۱۲:۱۴ [[31MERROR[39M] [undefined]: [31mQuery Failed: Error: Invalid column name 'NaN'.[39m 
1403/10/12 ۱۰:۱۲:۱۴ [[31MERROR[39M] [undefined]: [31mQuery:  [39m
[31mSELECT * FROM [pepDB].[dbo].[group_mentions][39m
[31mwhere mentionMmr = NaN[39m 
1403/10/12 ۱۰:۱۲:۱۴ [[31MERROR[39M] [undefined]: [31mCaaaaaaaatch Errrror . . .[39m {"error":{"query":" \nSELECT * FROM [pepDB].[dbo].[group_mentions]\nwhere mentionMmr = NaN","driverError":{"code":"EREQUEST","originalError":{"info":{"name":"ERROR","handlerName":"onErrorMessage","number":207,"state":1,"class":16,"message":"Invalid column name 'NaN'.","serverName":"COAPPWEB","procName":"","lineNumber":3}},"name":"RequestError","number":207,"lineNumber":3,"state":1,"class":16,"serverName":"COAPPWEB","procName":"","precedingErrors":[]},"code":"EREQUEST","originalError":{"info":{"name":"ERROR","handlerName":"onErrorMessage","number":207,"state":1,"class":16,"message":"Invalid column name 'NaN'.","serverName":"COAPPWEB","procName":"","lineNumber":3}},"number":207,"lineNumber":3,"state":1,"class":16,"serverName":"COAPPWEB","procName":"","precedingErrors":[]}}
1403/10/12 ۱۰:۱۲:۱۴ [[31MERROR[39M] [undefined]: [31mUnexpected error occurred: Error: Invalid column name 'NaN'.[39m 
1403/10/12 ۱۰:۱۲:۱۴ [[31MERROR[39M] [undefined]: [31mQuery Failed: Error: Invalid column name 'NaN'.[39m 
1403/10/12 ۱۰:۱۲:۱۴ [[31MERROR[39M] [undefined]: [31mQuery:  [39m
[31mSELECT * FROM [pepDB].[dbo].[group_mentions][39m
[31mwhere mentionMmr = NaN[39m 
1403/10/12 ۱۰:۱۲:۱۴ [[31MERROR[39M] [undefined]: [31mCaaaaaaaatch Errrror . . .[39m {"error":{"query":" \nSELECT * FROM [pepDB].[dbo].[group_mentions]\nwhere mentionMmr = NaN","driverError":{"code":"EREQUEST","originalError":{"info":{"name":"ERROR","handlerName":"onErrorMessage","number":207,"state":1,"class":16,"message":"Invalid column name 'NaN'.","serverName":"COAPPWEB","procName":"","lineNumber":3}},"name":"RequestError","number":207,"lineNumber":3,"state":1,"class":16,"serverName":"COAPPWEB","procName":"","precedingErrors":[]},"code":"EREQUEST","originalError":{"info":{"name":"ERROR","handlerName":"onErrorMessage","number":207,"state":1,"class":16,"message":"Invalid column name 'NaN'.","serverName":"COAPPWEB","procName":"","lineNumber":3}},"number":207,"lineNumber":3,"state":1,"class":16,"serverName":"COAPPWEB","procName":"","precedingErrors":[]}}
1403/10/12 ۱۰:۱۲:۱۴ [[31MERROR[39M] [undefined]: [31mUnexpected error occurred: Error: Invalid column name 'NaN'.[39m 
1403/10/12 ۱۰:۱۲:۴۹ [[31MERROR[39M] [undefined]: [31mQuery Failed: Error: Invalid column name 'NaN'.[39m 
1403/10/12 ۱۰:۱۲:۴۹ [[31MERROR[39M] [undefined]: [31mQuery:  [39m
[31mSELECT * FROM [pepDB].[dbo].[group_mentions][39m
[31mwhere mentionMmr = NaN[39m 
1403/10/12 ۱۰:۱۲:۴۹ [[31MERROR[39M] [undefined]: [31mCaaaaaaaatch Errrror . . .[39m {"error":{"query":" \nSELECT * FROM [pepDB].[dbo].[group_mentions]\nwhere mentionMmr = NaN","driverError":{"code":"EREQUEST","originalError":{"info":{"name":"ERROR","handlerName":"onErrorMessage","number":207,"state":1,"class":16,"message":"Invalid column name 'NaN'.","serverName":"COAPPWEB","procName":"","lineNumber":3}},"name":"RequestError","number":207,"lineNumber":3,"state":1,"class":16,"serverName":"COAPPWEB","procName":"","precedingErrors":[]},"code":"EREQUEST","originalError":{"info":{"name":"ERROR","handlerName":"onErrorMessage","number":207,"state":1,"class":16,"message":"Invalid column name 'NaN'.","serverName":"COAPPWEB","procName":"","lineNumber":3}},"number":207,"lineNumber":3,"state":1,"class":16,"serverName":"COAPPWEB","procName":"","precedingErrors":[]}}
1403/10/12 ۱۰:۱۲:۴۹ [[31MERROR[39M] [undefined]: [31mUnexpected error occurred: Error: Invalid column name 'NaN'.[39m 
1403/10/12 ۱۰:۱۲:۴۹ [[31MERROR[39M] [undefined]: [31mQuery Failed: Error: Invalid column name 'NaN'.[39m 
1403/10/12 ۱۰:۱۲:۴۹ [[31MERROR[39M] [undefined]: [31mQuery:  [39m
[31mSELECT * FROM [pepDB].[dbo].[group_mentions][39m
[31mwhere mentionMmr = NaN[39m 
1403/10/12 ۱۰:۱۲:۴۹ [[31MERROR[39M] [undefined]: [31mCaaaaaaaatch Errrror . . .[39m {"error":{"query":" \nSELECT * FROM [pepDB].[dbo].[group_mentions]\nwhere mentionMmr = NaN","driverError":{"code":"EREQUEST","originalError":{"info":{"name":"ERROR","handlerName":"onErrorMessage","number":207,"state":1,"class":16,"message":"Invalid column name 'NaN'.","serverName":"COAPPWEB","procName":"","lineNumber":3}},"name":"RequestError","number":207,"lineNumber":3,"state":1,"class":16,"serverName":"COAPPWEB","procName":"","precedingErrors":[]},"code":"EREQUEST","originalError":{"info":{"name":"ERROR","handlerName":"onErrorMessage","number":207,"state":1,"class":16,"message":"Invalid column name 'NaN'.","serverName":"COAPPWEB","procName":"","lineNumber":3}},"number":207,"lineNumber":3,"state":1,"class":16,"serverName":"COAPPWEB","procName":"","precedingErrors":[]}}
1403/10/12 ۱۰:۱۲:۴۹ [[31MERROR[39M] [undefined]: [31mUnexpected error occurred: Error: Invalid column name 'NaN'.[39m 
